mode: set
bitbucket.org/faceit/internal/users/entity.go:19.34,21.2 1 1
bitbucket.org/faceit/internal/users/handler.go:44.60,53.2 1 0
bitbucket.org/faceit/internal/users/handler.go:55.66,58.38 3 0
bitbucket.org/faceit/internal/users/handler.go:63.2,74.52 3 0
bitbucket.org/faceit/internal/users/handler.go:79.2,82.53 2 0
bitbucket.org/faceit/internal/users/handler.go:86.2,87.35 2 0
bitbucket.org/faceit/internal/users/handler.go:58.38,61.3 2 0
bitbucket.org/faceit/internal/users/handler.go:74.52,77.3 2 0
bitbucket.org/faceit/internal/users/handler.go:82.53,84.3 1 0
bitbucket.org/faceit/internal/users/handler.go:99.60,108.2 1 0
bitbucket.org/faceit/internal/users/handler.go:110.66,116.38 4 0
bitbucket.org/faceit/internal/users/handler.go:120.2,131.52 3 0
bitbucket.org/faceit/internal/users/handler.go:136.2,139.53 2 0
bitbucket.org/faceit/internal/users/handler.go:143.2,145.37 2 0
bitbucket.org/faceit/internal/users/handler.go:116.38,118.3 1 0
bitbucket.org/faceit/internal/users/handler.go:131.52,134.3 2 0
bitbucket.org/faceit/internal/users/handler.go:139.53,141.3 1 0
bitbucket.org/faceit/internal/users/handler.go:152.60,156.2 1 0
bitbucket.org/faceit/internal/users/handler.go:158.66,164.38 4 0
bitbucket.org/faceit/internal/users/handler.go:168.2,170.52 2 0
bitbucket.org/faceit/internal/users/handler.go:175.2,178.53 2 0
bitbucket.org/faceit/internal/users/handler.go:182.2,184.37 2 0
bitbucket.org/faceit/internal/users/handler.go:164.38,166.3 1 0
bitbucket.org/faceit/internal/users/handler.go:170.52,173.3 2 0
bitbucket.org/faceit/internal/users/handler.go:178.53,180.3 1 0
bitbucket.org/faceit/internal/users/handler.go:187.64,199.16 5 0
bitbucket.org/faceit/internal/users/handler.go:204.2,204.53 1 0
bitbucket.org/faceit/internal/users/handler.go:199.16,202.3 2 0
bitbucket.org/faceit/internal/users/handler.go:207.63,209.29 2 0
bitbucket.org/faceit/internal/users/handler.go:223.2,223.17 1 0
bitbucket.org/faceit/internal/users/handler.go:209.29,222.3 2 0
bitbucket.org/faceit/internal/users/handler.go:226.39,231.2 4 1
bitbucket.org/faceit/internal/users/mysql_repository.go:12.43,14.2 1 0
bitbucket.org/faceit/internal/users/mysql_repository.go:20.67,21.49 1 1
bitbucket.org/faceit/internal/users/mysql_repository.go:25.2,25.12 1 0
bitbucket.org/faceit/internal/users/mysql_repository.go:21.49,23.3 1 1
bitbucket.org/faceit/internal/users/mysql_repository.go:28.67,29.50 1 1
bitbucket.org/faceit/internal/users/mysql_repository.go:32.2,32.12 1 0
bitbucket.org/faceit/internal/users/mysql_repository.go:29.50,31.3 1 1
bitbucket.org/faceit/internal/users/mysql_repository.go:35.70,37.65 2 1
bitbucket.org/faceit/internal/users/mysql_repository.go:40.2,40.12 1 0
bitbucket.org/faceit/internal/users/mysql_repository.go:37.65,39.3 1 1
bitbucket.org/faceit/internal/users/mysql_repository.go:49.78,52.102 2 1
bitbucket.org/faceit/internal/users/mysql_repository.go:59.2,59.19 1 0
bitbucket.org/faceit/internal/users/mysql_repository.go:52.102,53.45 1 1
bitbucket.org/faceit/internal/users/mysql_repository.go:56.3,56.33 1 1
bitbucket.org/faceit/internal/users/mysql_repository.go:53.45,55.4 1 0
bitbucket.org/faceit/internal/users/mysql_repository.go:62.57,63.36 1 1
bitbucket.org/faceit/internal/users/mysql_repository.go:63.36,66.16 2 1
bitbucket.org/faceit/internal/users/mysql_repository.go:70.3,71.10 2 1
bitbucket.org/faceit/internal/users/mysql_repository.go:77.3,78.43 2 1
bitbucket.org/faceit/internal/users/mysql_repository.go:66.16,68.4 1 0
bitbucket.org/faceit/internal/users/mysql_repository.go:72.22,73.17 1 0
bitbucket.org/faceit/internal/users/mysql_repository.go:74.22,75.17 1 0
bitbucket.org/faceit/internal/users/service.go:35.65,37.2 1 0
bitbucket.org/faceit/internal/users/service.go:39.65,41.2 1 0
bitbucket.org/faceit/internal/users/service.go:43.68,45.2 1 0
bitbucket.org/faceit/internal/users/service.go:47.76,49.2 1 0
bitbucket.org/faceit/cmd/restapi/main.go:26.13,29.2 2 1
bitbucket.org/faceit/cmd/restapi/main.go:31.13,40.2 5 0
bitbucket.org/faceit/cmd/restapi/main.go:45.2,47.77 2 0
bitbucket.org/faceit/cmd/restapi/main.go:68.2,74.64 4 0
bitbucket.org/faceit/cmd/restapi/main.go:40.2,43.3 2 0
bitbucket.org/faceit/cmd/restapi/main.go:47.77,50.3 2 0
bitbucket.org/faceit/cmd/restapi/main.go:55.2,65.3 5 0
bitbucket.org/faceit/cmd/restapi/main.go:74.64,76.3 1 0
bitbucket.org/faceit/cmd/restapi/main.go:79.23,80.43 1 1
bitbucket.org/faceit/cmd/restapi/main.go:83.2,83.26 1 1
bitbucket.org/faceit/cmd/restapi/main.go:80.43,82.3 1 0
bitbucket.org/faceit/cmd/restapi/main.go:86.36,87.34 1 0
bitbucket.org/faceit/cmd/restapi/main.go:90.2,90.31 1 0
bitbucket.org/faceit/cmd/restapi/main.go:87.34,89.3 1 0
bitbucket.org/faceit/cmd/restapi/main.go:93.34,95.16 2 1
bitbucket.org/faceit/cmd/restapi/main.go:98.2,99.39 2 1
bitbucket.org/faceit/cmd/restapi/main.go:102.2,102.100 1 1
bitbucket.org/faceit/cmd/restapi/main.go:95.16,97.3 1 0
bitbucket.org/faceit/cmd/restapi/main.go:99.39,101.3 1 1
bitbucket.org/faceit/cmd/restapi/main.go:105.26,107.25 2 0
bitbucket.org/faceit/cmd/restapi/main.go:111.2,114.16 2 0
bitbucket.org/faceit/cmd/restapi/main.go:118.2,118.11 1 0
bitbucket.org/faceit/cmd/restapi/main.go:107.25,109.3 1 0
bitbucket.org/faceit/cmd/restapi/main.go:114.16,116.3 1 0
bitbucket.org/faceit/internal/cloud/aws/sqs.go:16.34,20.2 1 1
bitbucket.org/faceit/internal/cloud/aws/sqs.go:22.80,24.38 2 1
bitbucket.org/faceit/internal/cloud/aws/sqs.go:31.2,36.16 2 1
bitbucket.org/faceit/internal/cloud/aws/sqs.go:40.2,40.28 1 0
bitbucket.org/faceit/internal/cloud/aws/sqs.go:24.38,29.3 1 1
bitbucket.org/faceit/internal/cloud/aws/sqs.go:36.16,38.3 1 1
